# Logfile created on Mon Jun 03 16:23:16 +1000 2013/!\ FAILSAFE /!\  Mon Jun 03 16:24:06 +1000 2013
  Status: 500 Internal Server Error
  Access denied for user 'root'@'localhost' (using password: YES)
    /home/hamid/Aptana Studio 3 Workspace/rps/vendor/rails/activerecord/lib/active_record/connection_adapters/mysql_adapter.rb:471:in `real_connect'
    /home/hamid/Aptana Studio 3 Workspace/rps/vendor/rails/activerecord/lib/active_record/connection_adapters/mysql_adapter.rb:471:in `connect'
    /home/hamid/Aptana Studio 3 Workspace/rps/vendor/rails/activerecord/lib/active_record/connection_adapters/mysql_adapter.rb:165:in `initialize'
    /home/hamid/Aptana Studio 3 Workspace/rps/vendor/rails/activerecord/lib/active_record/connection_adapters/mysql_adapter.rb:88:in `new'
    /home/hamid/Aptana Studio 3 Workspace/rps/vendor/rails/activerecord/lib/active_record/connection_adapters/mysql_adapter.rb:88:in `mysql_connection'
    /home/hamid/Aptana Studio 3 Workspace/rps/vendor/rails/activerecord/lib/active_record/connection_adapters/abstract/connection_specification.rb:291:in `send'
    /home/hamid/Aptana Studio 3 Workspace/rps/vendor/rails/activerecord/lib/active_record/connection_adapters/abstract/connection_specification.rb:291:in `connection='
    /home/hamid/Aptana Studio 3 Workspace/rps/vendor/rails/activerecord/lib/active_record/connection_adapters/abstract/connection_specification.rb:259:in `retrieve_connection'
    /home/hamid/Aptana Studio 3 Workspace/rps/vendor/rails/activerecord/lib/active_record/connection_adapters/abstract/connection_specification.rb:78:in `connection'
    /home/hamid/Aptana Studio 3 Workspace/rps/vendor/rails/activerecord/lib/active_record/base.rb:1080:in `columns_without_redhillonrails_core'
    /home/hamid/Aptana Studio 3 Workspace/rps/vendor/plugins/redhillonrails_core/lib/red_hill_consulting/core/active_record/base.rb:25:in `columns'
    /home/hamid/Aptana Studio 3 Workspace/rps/vendor/rails/activerecord/lib/active_record/base.rb:1088:in `columns_hash'
    /home/hamid/Aptana Studio 3 Workspace/rps/vendor/rails/actionpack/lib/action_controller/session/active_record_store.rb:105:in `setup_sessid_compatibility!'
    /home/hamid/Aptana Studio 3 Workspace/rps/vendor/rails/actionpack/lib/action_controller/session/active_record_store.rb:79:in `find_by_session_id'
    /home/hamid/Aptana Studio 3 Workspace/rps/vendor/rails/actionpack/lib/action_controller/session/active_record_store.rb:284:in `initialize'
    /home/hamid/Aptana Studio 3 Workspace/rps/vendor/rails/activerecord/lib/active_record/base.rb:1198:in `silence'
    /home/hamid/Aptana Studio 3 Workspace/rps/vendor/rails/actionpack/lib/action_controller/session/active_record_store.rb:284:in `initialize'
    /usr/lib/ruby/1.8/cgi/session.rb:280:in `new'
    /usr/lib/ruby/1.8/cgi/session.rb:280:in `initialize_without_cgi_reader'
    /home/hamid/Aptana Studio 3 Workspace/rps/vendor/rails/actionpack/lib/action_controller/cgi_ext/session.rb:39:in `initialize'
    /home/hamid/Aptana Studio 3 Workspace/rps/vendor/rails/actionpack/lib/action_controller/cgi_process.rb:130:in `new'
    /home/hamid/Aptana Studio 3 Workspace/rps/vendor/rails/actionpack/lib/action_controller/cgi_process.rb:130:in `session'
    /home/hamid/Aptana Studio 3 Workspace/rps/vendor/rails/actionpack/lib/action_controller/cgi_process.rb:166:in `stale_session_check!'
    /home/hamid/Aptana Studio 3 Workspace/rps/vendor/rails/actionpack/lib/action_controller/cgi_process.rb:114:in `session'
    /home/hamid/Aptana Studio 3 Workspace/rps/vendor/rails/actionpack/lib/action_controller/base.rb:1131:in `assign_shortcuts_without_flash'
    /home/hamid/Aptana Studio 3 Workspace/rps/vendor/rails/actionpack/lib/action_controller/flash.rb:167:in `assign_shortcuts'
    /home/hamid/Aptana Studio 3 Workspace/rps/vendor/rails/actionpack/lib/action_controller/base.rb:518:in `process_without_filters'
    /home/hamid/Aptana Studio 3 Workspace/rps/vendor/rails/actionpack/lib/action_controller/filters.rb:685:in `process_without_session_management_support'
    /home/hamid/Aptana Studio 3 Workspace/rps/vendor/rails/actionpack/lib/action_controller/session_management.rb:123:in `process'
    /home/hamid/Aptana Studio 3 Workspace/rps/vendor/rails/actionpack/lib/action_controller/base.rb:388:in `process'
    /home/hamid/Aptana Studio 3 Workspace/rps/vendor/rails/actionpack/lib/action_controller/dispatcher.rb:171:in `handle_request'
    /home/hamid/Aptana Studio 3 Workspace/rps/vendor/rails/actionpack/lib/action_controller/dispatcher.rb:115:in `dispatch'
    /home/hamid/Aptana Studio 3 Workspace/rps/vendor/rails/actionpack/lib/action_controller/dispatcher.rb:126:in `dispatch_cgi'
    /home/hamid/Aptana Studio 3 Workspace/rps/vendor/rails/actionpack/lib/action_controller/dispatcher.rb:9:in `dispatch'
    /home/hamid/Aptana Studio 3 Workspace/rps/vendor/rails/railties/lib/webrick_server.rb:112:in `handle_dispatch'
    /home/hamid/Aptana Studio 3 Workspace/rps/vendor/rails/railties/lib/webrick_server.rb:78:in `service'
    /usr/lib/ruby/1.8/webrick/httpserver.rb:104:in `service'
    /usr/lib/ruby/1.8/webrick/httpserver.rb:65:in `run'
    /usr/lib/ruby/1.8/webrick/server.rb:173:in `start_thread'
    /usr/lib/ruby/1.8/webrick/server.rb:162:in `start'
    /usr/lib/ruby/1.8/webrick/server.rb:162:in `start_thread'
    /usr/lib/ruby/1.8/webrick/server.rb:95:in `start'
    /usr/lib/ruby/1.8/webrick/server.rb:92:in `each'
    /usr/lib/ruby/1.8/webrick/server.rb:92:in `start'
    /usr/lib/ruby/1.8/webrick/server.rb:23:in `start'
    /usr/lib/ruby/1.8/webrick/server.rb:82:in `start'
    /home/hamid/Aptana Studio 3 Workspace/rps/vendor/rails/railties/lib/webrick_server.rb:62:in `dispatch'
    /home/hamid/Aptana Studio 3 Workspace/rps/vendor/rails/railties/lib/commands/servers/webrick.rb:66
    /usr/local/lib/site_ruby/1.8/rubygems/custom_require.rb:29:in `gem_original_require'
    /usr/local/lib/site_ruby/1.8/rubygems/custom_require.rb:29:in `require'
    /home/hamid/Aptana Studio 3 Workspace/rps/vendor/rails/activesupport/lib/active_support/dependencies.rb:496:in `require'
    /home/hamid/Aptana Studio 3 Workspace/rps/vendor/rails/activesupport/lib/active_support/dependencies.rb:342:in `new_constants_in'
    /home/hamid/Aptana Studio 3 Workspace/rps/vendor/rails/activesupport/lib/active_support/dependencies.rb:496:in `require'
    /home/hamid/Aptana Studio 3 Workspace/rps/vendor/rails/railties/lib/commands/server.rb:39
    script/server:3:in `require'
    script/server:3
/!\ FAILSAFE /!\  Mon Jun 03 16:24:21 +1000 2013
  Status: 500 Internal Server Error
  Access denied for user 'root'@'localhost' (using password: YES)
    /home/hamid/Aptana Studio 3 Workspace/rps/vendor/rails/activerecord/lib/active_record/connection_adapters/mysql_adapter.rb:471:in `real_connect'
    /home/hamid/Aptana Studio 3 Workspace/rps/vendor/rails/activerecord/lib/active_record/connection_adapters/mysql_adapter.rb:471:in `connect'
    /home/hamid/Aptana Studio 3 Workspace/rps/vendor/rails/activerecord/lib/active_record/connection_adapters/mysql_adapter.rb:165:in `initialize'
    /home/hamid/Aptana Studio 3 Workspace/rps/vendor/rails/activerecord/lib/active_record/connection_adapters/mysql_adapter.rb:88:in `new'
    /home/hamid/Aptana Studio 3 Workspace/rps/vendor/rails/activerecord/lib/active_record/connection_adapters/mysql_adapter.rb:88:in `mysql_connection'
    /home/hamid/Aptana Studio 3 Workspace/rps/vendor/rails/activerecord/lib/active_record/connection_adapters/abstract/connection_specification.rb:291:in `send'
    /home/hamid/Aptana Studio 3 Workspace/rps/vendor/rails/activerecord/lib/active_record/connection_adapters/abstract/connection_specification.rb:291:in `connection='
    /home/hamid/Aptana Studio 3 Workspace/rps/vendor/rails/activerecord/lib/active_record/connection_adapters/abstract/connection_specification.rb:259:in `retrieve_connection'
    /home/hamid/Aptana Studio 3 Workspace/rps/vendor/rails/activerecord/lib/active_record/connection_adapters/abstract/connection_specification.rb:78:in `connection'
    /home/hamid/Aptana Studio 3 Workspace/rps/vendor/rails/activerecord/lib/active_record/base.rb:1080:in `columns_without_redhillonrails_core'
    /home/hamid/Aptana Studio 3 Workspace/rps/vendor/plugins/redhillonrails_core/lib/red_hill_consulting/core/active_record/base.rb:25:in `columns'
    /home/hamid/Aptana Studio 3 Workspace/rps/vendor/rails/activerecord/lib/active_record/base.rb:1088:in `columns_hash'
    /home/hamid/Aptana Studio 3 Workspace/rps/vendor/rails/actionpack/lib/action_controller/session/active_record_store.rb:105:in `setup_sessid_compatibility!'
    /home/hamid/Aptana Studio 3 Workspace/rps/vendor/rails/actionpack/lib/action_controller/session/active_record_store.rb:79:in `find_by_session_id'
    /home/hamid/Aptana Studio 3 Workspace/rps/vendor/rails/actionpack/lib/action_controller/session/active_record_store.rb:284:in `initialize'
    /home/hamid/Aptana Studio 3 Workspace/rps/vendor/rails/activerecord/lib/active_record/base.rb:1198:in `silence'
    /home/hamid/Aptana Studio 3 Workspace/rps/vendor/rails/actionpack/lib/action_controller/session/active_record_store.rb:284:in `initialize'
    /usr/lib/ruby/1.8/cgi/session.rb:280:in `new'
    /usr/lib/ruby/1.8/cgi/session.rb:280:in `initialize_without_cgi_reader'
    /home/hamid/Aptana Studio 3 Workspace/rps/vendor/rails/actionpack/lib/action_controller/cgi_ext/session.rb:39:in `initialize'
    /home/hamid/Aptana Studio 3 Workspace/rps/vendor/rails/actionpack/lib/action_controller/cgi_process.rb:130:in `new'
    /home/hamid/Aptana Studio 3 Workspace/rps/vendor/rails/actionpack/lib/action_controller/cgi_process.rb:130:in `session'
    /home/hamid/Aptana Studio 3 Workspace/rps/vendor/rails/actionpack/lib/action_controller/cgi_process.rb:166:in `stale_session_check!'
    /home/hamid/Aptana Studio 3 Workspace/rps/vendor/rails/actionpack/lib/action_controller/cgi_process.rb:114:in `session'
    /home/hamid/Aptana Studio 3 Workspace/rps/vendor/rails/actionpack/lib/action_controller/base.rb:1131:in `assign_shortcuts_without_flash'
    /home/hamid/Aptana Studio 3 Workspace/rps/vendor/rails/actionpack/lib/action_controller/flash.rb:167:in `assign_shortcuts'
    /home/hamid/Aptana Studio 3 Workspace/rps/vendor/rails/actionpack/lib/action_controller/base.rb:518:in `process_without_filters'
    /home/hamid/Aptana Studio 3 Workspace/rps/vendor/rails/actionpack/lib/action_controller/filters.rb:685:in `process_without_session_management_support'
    /home/hamid/Aptana Studio 3 Workspace/rps/vendor/rails/actionpack/lib/action_controller/session_management.rb:123:in `process'
    /home/hamid/Aptana Studio 3 Workspace/rps/vendor/rails/actionpack/lib/action_controller/base.rb:388:in `process'
    /home/hamid/Aptana Studio 3 Workspace/rps/vendor/rails/actionpack/lib/action_controller/dispatcher.rb:171:in `handle_request'
    /home/hamid/Aptana Studio 3 Workspace/rps/vendor/rails/actionpack/lib/action_controller/dispatcher.rb:115:in `dispatch'
    /home/hamid/Aptana Studio 3 Workspace/rps/vendor/rails/actionpack/lib/action_controller/dispatcher.rb:126:in `dispatch_cgi'
    /home/hamid/Aptana Studio 3 Workspace/rps/vendor/rails/actionpack/lib/action_controller/dispatcher.rb:9:in `dispatch'
    /home/hamid/Aptana Studio 3 Workspace/rps/vendor/rails/railties/lib/webrick_server.rb:112:in `handle_dispatch'
    /home/hamid/Aptana Studio 3 Workspace/rps/vendor/rails/railties/lib/webrick_server.rb:78:in `service'
    /usr/lib/ruby/1.8/webrick/httpserver.rb:104:in `service'
    /usr/lib/ruby/1.8/webrick/httpserver.rb:65:in `run'
    /usr/lib/ruby/1.8/webrick/server.rb:173:in `start_thread'
    /usr/lib/ruby/1.8/webrick/server.rb:162:in `start'
    /usr/lib/ruby/1.8/webrick/server.rb:162:in `start_thread'
    /usr/lib/ruby/1.8/webrick/server.rb:95:in `start'
    /usr/lib/ruby/1.8/webrick/server.rb:92:in `each'
    /usr/lib/ruby/1.8/webrick/server.rb:92:in `start'
    /usr/lib/ruby/1.8/webrick/server.rb:23:in `start'
    /usr/lib/ruby/1.8/webrick/server.rb:82:in `start'
    /home/hamid/Aptana Studio 3 Workspace/rps/vendor/rails/railties/lib/webrick_server.rb:62:in `dispatch'
    /home/hamid/Aptana Studio 3 Workspace/rps/vendor/rails/railties/lib/commands/servers/webrick.rb:66
    /usr/local/lib/site_ruby/1.8/rubygems/custom_require.rb:29:in `gem_original_require'
    /usr/local/lib/site_ruby/1.8/rubygems/custom_require.rb:29:in `require'
    /home/hamid/Aptana Studio 3 Workspace/rps/vendor/rails/activesupport/lib/active_support/dependencies.rb:496:in `require'
    /home/hamid/Aptana Studio 3 Workspace/rps/vendor/rails/activesupport/lib/active_support/dependencies.rb:342:in `new_constants_in'
    /home/hamid/Aptana Studio 3 Workspace/rps/vendor/rails/activesupport/lib/active_support/dependencies.rb:496:in `require'
    /home/hamid/Aptana Studio 3 Workspace/rps/vendor/rails/railties/lib/commands/server.rb:39
    script/server:3:in `require'
    script/server:3
/!\ FAILSAFE /!\  Mon Jun 03 16:28:35 +1000 2013
  Status: 500 Internal Server Error
  Access denied for user 'root'@'localhost' (using password: YES)
    /home/hamid/Aptana Studio 3 Workspace/rps/vendor/rails/activerecord/lib/active_record/connection_adapters/mysql_adapter.rb:471:in `real_connect'
    /home/hamid/Aptana Studio 3 Workspace/rps/vendor/rails/activerecord/lib/active_record/connection_adapters/mysql_adapter.rb:471:in `connect'
    /home/hamid/Aptana Studio 3 Workspace/rps/vendor/rails/activerecord/lib/active_record/connection_adapters/mysql_adapter.rb:165:in `initialize'
    /home/hamid/Aptana Studio 3 Workspace/rps/vendor/rails/activerecord/lib/active_record/connection_adapters/mysql_adapter.rb:88:in `new'
    /home/hamid/Aptana Studio 3 Workspace/rps/vendor/rails/activerecord/lib/active_record/connection_adapters/mysql_adapter.rb:88:in `mysql_connection'
    /home/hamid/Aptana Studio 3 Workspace/rps/vendor/rails/activerecord/lib/active_record/connection_adapters/abstract/connection_specification.rb:291:in `send'
    /home/hamid/Aptana Studio 3 Workspace/rps/vendor/rails/activerecord/lib/active_record/connection_adapters/abstract/connection_specification.rb:291:in `connection='
    /home/hamid/Aptana Studio 3 Workspace/rps/vendor/rails/activerecord/lib/active_record/connection_adapters/abstract/connection_specification.rb:259:in `retrieve_connection'
    /home/hamid/Aptana Studio 3 Workspace/rps/vendor/rails/activerecord/lib/active_record/connection_adapters/abstract/connection_specification.rb:78:in `connection'
    /home/hamid/Aptana Studio 3 Workspace/rps/vendor/rails/activerecord/lib/active_record/base.rb:1080:in `columns_without_redhillonrails_core'
    /home/hamid/Aptana Studio 3 Workspace/rps/vendor/plugins/redhillonrails_core/lib/red_hill_consulting/core/active_record/base.rb:25:in `columns'
    /home/hamid/Aptana Studio 3 Workspace/rps/vendor/rails/activerecord/lib/active_record/base.rb:1088:in `columns_hash'
    /home/hamid/Aptana Studio 3 Workspace/rps/vendor/rails/actionpack/lib/action_controller/session/active_record_store.rb:105:in `setup_sessid_compatibility!'
    /home/hamid/Aptana Studio 3 Workspace/rps/vendor/rails/actionpack/lib/action_controller/session/active_record_store.rb:79:in `find_by_session_id'
    /home/hamid/Aptana Studio 3 Workspace/rps/vendor/rails/actionpack/lib/action_controller/session/active_record_store.rb:284:in `initialize'
    /home/hamid/Aptana Studio 3 Workspace/rps/vendor/rails/activerecord/lib/active_record/base.rb:1198:in `silence'
    /home/hamid/Aptana Studio 3 Workspace/rps/vendor/rails/actionpack/lib/action_controller/session/active_record_store.rb:284:in `initialize'
    /usr/lib/ruby/1.8/cgi/session.rb:280:in `new'
    /usr/lib/ruby/1.8/cgi/session.rb:280:in `initialize_without_cgi_reader'
    /home/hamid/Aptana Studio 3 Workspace/rps/vendor/rails/actionpack/lib/action_controller/cgi_ext/session.rb:39:in `initialize'
    /home/hamid/Aptana Studio 3 Workspace/rps/vendor/rails/actionpack/lib/action_controller/cgi_process.rb:130:in `new'
    /home/hamid/Aptana Studio 3 Workspace/rps/vendor/rails/actionpack/lib/action_controller/cgi_process.rb:130:in `session'
    /home/hamid/Aptana Studio 3 Workspace/rps/vendor/rails/actionpack/lib/action_controller/cgi_process.rb:166:in `stale_session_check!'
    /home/hamid/Aptana Studio 3 Workspace/rps/vendor/rails/actionpack/lib/action_controller/cgi_process.rb:114:in `session'
    /home/hamid/Aptana Studio 3 Workspace/rps/vendor/rails/actionpack/lib/action_controller/base.rb:1131:in `assign_shortcuts_without_flash'
    /home/hamid/Aptana Studio 3 Workspace/rps/vendor/rails/actionpack/lib/action_controller/flash.rb:167:in `assign_shortcuts'
    /home/hamid/Aptana Studio 3 Workspace/rps/vendor/rails/actionpack/lib/action_controller/base.rb:518:in `process_without_filters'
    /home/hamid/Aptana Studio 3 Workspace/rps/vendor/rails/actionpack/lib/action_controller/filters.rb:685:in `process_without_session_management_support'
    /home/hamid/Aptana Studio 3 Workspace/rps/vendor/rails/actionpack/lib/action_controller/session_management.rb:123:in `process'
    /home/hamid/Aptana Studio 3 Workspace/rps/vendor/rails/actionpack/lib/action_controller/base.rb:388:in `process'
    /home/hamid/Aptana Studio 3 Workspace/rps/vendor/rails/actionpack/lib/action_controller/dispatcher.rb:171:in `handle_request'
    /home/hamid/Aptana Studio 3 Workspace/rps/vendor/rails/actionpack/lib/action_controller/dispatcher.rb:115:in `dispatch'
    /home/hamid/Aptana Studio 3 Workspace/rps/vendor/rails/actionpack/lib/action_controller/dispatcher.rb:126:in `dispatch_cgi'
    /home/hamid/Aptana Studio 3 Workspace/rps/vendor/rails/actionpack/lib/action_controller/dispatcher.rb:9:in `dispatch'
    /home/hamid/Aptana Studio 3 Workspace/rps/vendor/rails/railties/lib/webrick_server.rb:112:in `handle_dispatch'
    /home/hamid/Aptana Studio 3 Workspace/rps/vendor/rails/railties/lib/webrick_server.rb:78:in `service'
    /usr/lib/ruby/1.8/webrick/httpserver.rb:104:in `service'
    /usr/lib/ruby/1.8/webrick/httpserver.rb:65:in `run'
    /usr/lib/ruby/1.8/webrick/server.rb:173:in `start_thread'
    /usr/lib/ruby/1.8/webrick/server.rb:162:in `start'
    /usr/lib/ruby/1.8/webrick/server.rb:162:in `start_thread'
    /usr/lib/ruby/1.8/webrick/server.rb:95:in `start'
    /usr/lib/ruby/1.8/webrick/server.rb:92:in `each'
    /usr/lib/ruby/1.8/webrick/server.rb:92:in `start'
    /usr/lib/ruby/1.8/webrick/server.rb:23:in `start'
    /usr/lib/ruby/1.8/webrick/server.rb:82:in `start'
    /home/hamid/Aptana Studio 3 Workspace/rps/vendor/rails/railties/lib/webrick_server.rb:62:in `dispatch'
    /home/hamid/Aptana Studio 3 Workspace/rps/vendor/rails/railties/lib/commands/servers/webrick.rb:66
    /usr/local/lib/site_ruby/1.8/rubygems/custom_require.rb:29:in `gem_original_require'
    /usr/local/lib/site_ruby/1.8/rubygems/custom_require.rb:29:in `require'
    /home/hamid/Aptana Studio 3 Workspace/rps/vendor/rails/activesupport/lib/active_support/dependencies.rb:496:in `require'
    /home/hamid/Aptana Studio 3 Workspace/rps/vendor/rails/activesupport/lib/active_support/dependencies.rb:342:in `new_constants_in'
    /home/hamid/Aptana Studio 3 Workspace/rps/vendor/rails/activesupport/lib/active_support/dependencies.rb:496:in `require'
    /home/hamid/Aptana Studio 3 Workspace/rps/vendor/rails/railties/lib/commands/server.rb:39
    script/server:3:in `require'
    script/server:3
/!\ FAILSAFE /!\  Mon Jun 03 16:29:11 +1000 2013
  Status: 500 Internal Server Error
  No route matches "/session/new" with {:method=>:get}
    /home/hamid/Aptana Studio 3 Workspace/rps/vendor/rails/actionpack/lib/action_controller/routing.rb:1441:in `recognize_path'
    /home/hamid/Aptana Studio 3 Workspace/rps/vendor/rails/actionpack/lib/action_controller/routing.rb:1424:in `recognize'
    /home/hamid/Aptana Studio 3 Workspace/rps/vendor/rails/actionpack/lib/action_controller/dispatcher.rb:170:in `handle_request'
    /home/hamid/Aptana Studio 3 Workspace/rps/vendor/rails/actionpack/lib/action_controller/dispatcher.rb:115:in `dispatch'
    /home/hamid/Aptana Studio 3 Workspace/rps/vendor/rails/actionpack/lib/action_controller/dispatcher.rb:126:in `dispatch_cgi'
    /home/hamid/Aptana Studio 3 Workspace/rps/vendor/rails/actionpack/lib/action_controller/dispatcher.rb:9:in `dispatch'
    /home/hamid/Aptana Studio 3 Workspace/rps/vendor/rails/railties/lib/webrick_server.rb:112:in `handle_dispatch'
    /home/hamid/Aptana Studio 3 Workspace/rps/vendor/rails/railties/lib/webrick_server.rb:78:in `service'
    /usr/lib/ruby/1.8/webrick/httpserver.rb:104:in `service'
    /usr/lib/ruby/1.8/webrick/httpserver.rb:65:in `run'
    /usr/lib/ruby/1.8/webrick/server.rb:173:in `start_thread'
    /usr/lib/ruby/1.8/webrick/server.rb:162:in `start'
    /usr/lib/ruby/1.8/webrick/server.rb:162:in `start_thread'
    /usr/lib/ruby/1.8/webrick/server.rb:95:in `start'
    /usr/lib/ruby/1.8/webrick/server.rb:92:in `each'
    /usr/lib/ruby/1.8/webrick/server.rb:92:in `start'
    /usr/lib/ruby/1.8/webrick/server.rb:23:in `start'
    /usr/lib/ruby/1.8/webrick/server.rb:82:in `start'
    /home/hamid/Aptana Studio 3 Workspace/rps/vendor/rails/railties/lib/webrick_server.rb:62:in `dispatch'
    /home/hamid/Aptana Studio 3 Workspace/rps/vendor/rails/railties/lib/commands/servers/webrick.rb:66
    /usr/local/lib/site_ruby/1.8/rubygems/custom_require.rb:29:in `gem_original_require'
    /usr/local/lib/site_ruby/1.8/rubygems/custom_require.rb:29:in `require'
    /home/hamid/Aptana Studio 3 Workspace/rps/vendor/rails/activesupport/lib/active_support/dependencies.rb:496:in `require'
    /home/hamid/Aptana Studio 3 Workspace/rps/vendor/rails/activesupport/lib/active_support/dependencies.rb:342:in `new_constants_in'
    /home/hamid/Aptana Studio 3 Workspace/rps/vendor/rails/activesupport/lib/active_support/dependencies.rb:496:in `require'
    /home/hamid/Aptana Studio 3 Workspace/rps/vendor/rails/railties/lib/commands/server.rb:39
    script/server:3:in `require'
    script/server:3
/!\ FAILSAFE /!\  Mon Jun 03 16:29:14 +1000 2013
  Status: 500 Internal Server Error
  Access denied for user 'root'@'localhost' (using password: YES)
    /home/hamid/Aptana Studio 3 Workspace/rps/vendor/rails/activerecord/lib/active_record/connection_adapters/mysql_adapter.rb:471:in `real_connect'
    /home/hamid/Aptana Studio 3 Workspace/rps/vendor/rails/activerecord/lib/active_record/connection_adapters/mysql_adapter.rb:471:in `connect'
    /home/hamid/Aptana Studio 3 Workspace/rps/vendor/rails/activerecord/lib/active_record/connection_adapters/mysql_adapter.rb:165:in `initialize'
    /home/hamid/Aptana Studio 3 Workspace/rps/vendor/rails/activerecord/lib/active_record/connection_adapters/mysql_adapter.rb:88:in `new'
    /home/hamid/Aptana Studio 3 Workspace/rps/vendor/rails/activerecord/lib/active_record/connection_adapters/mysql_adapter.rb:88:in `mysql_connection'
    /home/hamid/Aptana Studio 3 Workspace/rps/vendor/rails/activerecord/lib/active_record/connection_adapters/abstract/connection_specification.rb:291:in `send'
    /home/hamid/Aptana Studio 3 Workspace/rps/vendor/rails/activerecord/lib/active_record/connection_adapters/abstract/connection_specification.rb:291:in `connection='
    /home/hamid/Aptana Studio 3 Workspace/rps/vendor/rails/activerecord/lib/active_record/connection_adapters/abstract/connection_specification.rb:259:in `retrieve_connection'
    /home/hamid/Aptana Studio 3 Workspace/rps/vendor/rails/activerecord/lib/active_record/connection_adapters/abstract/connection_specification.rb:78:in `connection'
    /home/hamid/Aptana Studio 3 Workspace/rps/vendor/rails/activerecord/lib/active_record/base.rb:1080:in `columns_without_redhillonrails_core'
    /home/hamid/Aptana Studio 3 Workspace/rps/vendor/plugins/redhillonrails_core/lib/red_hill_consulting/core/active_record/base.rb:25:in `columns'
    /home/hamid/Aptana Studio 3 Workspace/rps/vendor/rails/activerecord/lib/active_record/base.rb:1088:in `columns_hash'
    /home/hamid/Aptana Studio 3 Workspace/rps/vendor/rails/actionpack/lib/action_controller/session/active_record_store.rb:105:in `setup_sessid_compatibility!'
    /home/hamid/Aptana Studio 3 Workspace/rps/vendor/rails/actionpack/lib/action_controller/session/active_record_store.rb:79:in `find_by_session_id'
    /home/hamid/Aptana Studio 3 Workspace/rps/vendor/rails/actionpack/lib/action_controller/session/active_record_store.rb:284:in `initialize'
    /home/hamid/Aptana Studio 3 Workspace/rps/vendor/rails/activerecord/lib/active_record/base.rb:1198:in `silence'
    /home/hamid/Aptana Studio 3 Workspace/rps/vendor/rails/actionpack/lib/action_controller/session/active_record_store.rb:284:in `initialize'
    /usr/lib/ruby/1.8/cgi/session.rb:280:in `new'
    /usr/lib/ruby/1.8/cgi/session.rb:280:in `initialize_without_cgi_reader'
    /home/hamid/Aptana Studio 3 Workspace/rps/vendor/rails/actionpack/lib/action_controller/cgi_ext/session.rb:39:in `initialize'
    /home/hamid/Aptana Studio 3 Workspace/rps/vendor/rails/actionpack/lib/action_controller/cgi_process.rb:130:in `new'
    /home/hamid/Aptana Studio 3 Workspace/rps/vendor/rails/actionpack/lib/action_controller/cgi_process.rb:130:in `session'
    /home/hamid/Aptana Studio 3 Workspace/rps/vendor/rails/actionpack/lib/action_controller/cgi_process.rb:166:in `stale_session_check!'
    /home/hamid/Aptana Studio 3 Workspace/rps/vendor/rails/actionpack/lib/action_controller/cgi_process.rb:114:in `session'
    /home/hamid/Aptana Studio 3 Workspace/rps/vendor/rails/actionpack/lib/action_controller/base.rb:1131:in `assign_shortcuts_without_flash'
    /home/hamid/Aptana Studio 3 Workspace/rps/vendor/rails/actionpack/lib/action_controller/flash.rb:167:in `assign_shortcuts'
    /home/hamid/Aptana Studio 3 Workspace/rps/vendor/rails/actionpack/lib/action_controller/base.rb:518:in `process_without_filters'
    /home/hamid/Aptana Studio 3 Workspace/rps/vendor/rails/actionpack/lib/action_controller/filters.rb:685:in `process_without_session_management_support'
    /home/hamid/Aptana Studio 3 Workspace/rps/vendor/rails/actionpack/lib/action_controller/session_management.rb:123:in `process'
    /home/hamid/Aptana Studio 3 Workspace/rps/vendor/rails/actionpack/lib/action_controller/base.rb:388:in `process'
    /home/hamid/Aptana Studio 3 Workspace/rps/vendor/rails/actionpack/lib/action_controller/dispatcher.rb:171:in `handle_request'
    /home/hamid/Aptana Studio 3 Workspace/rps/vendor/rails/actionpack/lib/action_controller/dispatcher.rb:115:in `dispatch'
    /home/hamid/Aptana Studio 3 Workspace/rps/vendor/rails/actionpack/lib/action_controller/dispatcher.rb:126:in `dispatch_cgi'
    /home/hamid/Aptana Studio 3 Workspace/rps/vendor/rails/actionpack/lib/action_controller/dispatcher.rb:9:in `dispatch'
    /home/hamid/Aptana Studio 3 Workspace/rps/vendor/rails/railties/lib/webrick_server.rb:112:in `handle_dispatch'
    /home/hamid/Aptana Studio 3 Workspace/rps/vendor/rails/railties/lib/webrick_server.rb:78:in `service'
    /usr/lib/ruby/1.8/webrick/httpserver.rb:104:in `service'
    /usr/lib/ruby/1.8/webrick/httpserver.rb:65:in `run'
    /usr/lib/ruby/1.8/webrick/server.rb:173:in `start_thread'
    /usr/lib/ruby/1.8/webrick/server.rb:162:in `start'
    /usr/lib/ruby/1.8/webrick/server.rb:162:in `start_thread'
    /usr/lib/ruby/1.8/webrick/server.rb:95:in `start'
    /usr/lib/ruby/1.8/webrick/server.rb:92:in `each'
    /usr/lib/ruby/1.8/webrick/server.rb:92:in `start'
    /usr/lib/ruby/1.8/webrick/server.rb:23:in `start'
    /usr/lib/ruby/1.8/webrick/server.rb:82:in `start'
    /home/hamid/Aptana Studio 3 Workspace/rps/vendor/rails/railties/lib/webrick_server.rb:62:in `dispatch'
    /home/hamid/Aptana Studio 3 Workspace/rps/vendor/rails/railties/lib/commands/servers/webrick.rb:66
    /usr/local/lib/site_ruby/1.8/rubygems/custom_require.rb:29:in `gem_original_require'
    /usr/local/lib/site_ruby/1.8/rubygems/custom_require.rb:29:in `require'
    /home/hamid/Aptana Studio 3 Workspace/rps/vendor/rails/activesupport/lib/active_support/dependencies.rb:496:in `require'
    /home/hamid/Aptana Studio 3 Workspace/rps/vendor/rails/activesupport/lib/active_support/dependencies.rb:342:in `new_constants_in'
    /home/hamid/Aptana Studio 3 Workspace/rps/vendor/rails/activesupport/lib/active_support/dependencies.rb:496:in `require'
    /home/hamid/Aptana Studio 3 Workspace/rps/vendor/rails/railties/lib/commands/server.rb:39
    script/server:3:in `require'
    script/server:3
/!\ FAILSAFE /!\  Mon Jun 03 16:29:24 +1000 2013
  Status: 500 Internal Server Error
  Access denied for user 'root'@'localhost' (using password: YES)
    /home/hamid/Aptana Studio 3 Workspace/rps/vendor/rails/activerecord/lib/active_record/connection_adapters/mysql_adapter.rb:471:in `real_connect'
    /home/hamid/Aptana Studio 3 Workspace/rps/vendor/rails/activerecord/lib/active_record/connection_adapters/mysql_adapter.rb:471:in `connect'
    /home/hamid/Aptana Studio 3 Workspace/rps/vendor/rails/activerecord/lib/active_record/connection_adapters/mysql_adapter.rb:165:in `initialize'
    /home/hamid/Aptana Studio 3 Workspace/rps/vendor/rails/activerecord/lib/active_record/connection_adapters/mysql_adapter.rb:88:in `new'
    /home/hamid/Aptana Studio 3 Workspace/rps/vendor/rails/activerecord/lib/active_record/connection_adapters/mysql_adapter.rb:88:in `mysql_connection'
    /home/hamid/Aptana Studio 3 Workspace/rps/vendor/rails/activerecord/lib/active_record/connection_adapters/abstract/connection_specification.rb:291:in `send'
    /home/hamid/Aptana Studio 3 Workspace/rps/vendor/rails/activerecord/lib/active_record/connection_adapters/abstract/connection_specification.rb:291:in `connection='
    /home/hamid/Aptana Studio 3 Workspace/rps/vendor/rails/activerecord/lib/active_record/connection_adapters/abstract/connection_specification.rb:259:in `retrieve_connection'
    /home/hamid/Aptana Studio 3 Workspace/rps/vendor/rails/activerecord/lib/active_record/connection_adapters/abstract/connection_specification.rb:78:in `connection'
    /home/hamid/Aptana Studio 3 Workspace/rps/vendor/rails/activerecord/lib/active_record/base.rb:1080:in `columns_without_redhillonrails_core'
    /home/hamid/Aptana Studio 3 Workspace/rps/vendor/plugins/redhillonrails_core/lib/red_hill_consulting/core/active_record/base.rb:25:in `columns'
    /home/hamid/Aptana Studio 3 Workspace/rps/vendor/rails/activerecord/lib/active_record/base.rb:1088:in `columns_hash'
    /home/hamid/Aptana Studio 3 Workspace/rps/vendor/rails/actionpack/lib/action_controller/session/active_record_store.rb:105:in `setup_sessid_compatibility!'
    /home/hamid/Aptana Studio 3 Workspace/rps/vendor/rails/actionpack/lib/action_controller/session/active_record_store.rb:79:in `find_by_session_id'
    /home/hamid/Aptana Studio 3 Workspace/rps/vendor/rails/actionpack/lib/action_controller/session/active_record_store.rb:284:in `initialize'
    /home/hamid/Aptana Studio 3 Workspace/rps/vendor/rails/activerecord/lib/active_record/base.rb:1198:in `silence'
    /home/hamid/Aptana Studio 3 Workspace/rps/vendor/rails/actionpack/lib/action_controller/session/active_record_store.rb:284:in `initialize'
    /usr/lib/ruby/1.8/cgi/session.rb:280:in `new'
    /usr/lib/ruby/1.8/cgi/session.rb:280:in `initialize_without_cgi_reader'
    /home/hamid/Aptana Studio 3 Workspace/rps/vendor/rails/actionpack/lib/action_controller/cgi_ext/session.rb:39:in `initialize'
    /home/hamid/Aptana Studio 3 Workspace/rps/vendor/rails/actionpack/lib/action_controller/cgi_process.rb:130:in `new'
    /home/hamid/Aptana Studio 3 Workspace/rps/vendor/rails/actionpack/lib/action_controller/cgi_process.rb:130:in `session'
    /home/hamid/Aptana Studio 3 Workspace/rps/vendor/rails/actionpack/lib/action_controller/cgi_process.rb:166:in `stale_session_check!'
    /home/hamid/Aptana Studio 3 Workspace/rps/vendor/rails/actionpack/lib/action_controller/cgi_process.rb:114:in `session'
    /home/hamid/Aptana Studio 3 Workspace/rps/vendor/rails/actionpack/lib/action_controller/base.rb:1131:in `assign_shortcuts_without_flash'
    /home/hamid/Aptana Studio 3 Workspace/rps/vendor/rails/actionpack/lib/action_controller/flash.rb:167:in `assign_shortcuts'
    /home/hamid/Aptana Studio 3 Workspace/rps/vendor/rails/actionpack/lib/action_controller/base.rb:518:in `process_without_filters'
    /home/hamid/Aptana Studio 3 Workspace/rps/vendor/rails/actionpack/lib/action_controller/filters.rb:685:in `process_without_session_management_support'
    /home/hamid/Aptana Studio 3 Workspace/rps/vendor/rails/actionpack/lib/action_controller/session_management.rb:123:in `process'
    /home/hamid/Aptana Studio 3 Workspace/rps/vendor/rails/actionpack/lib/action_controller/base.rb:388:in `process'
    /home/hamid/Aptana Studio 3 Workspace/rps/vendor/rails/actionpack/lib/action_controller/dispatcher.rb:171:in `handle_request'
    /home/hamid/Aptana Studio 3 Workspace/rps/vendor/rails/actionpack/lib/action_controller/dispatcher.rb:115:in `dispatch'
    /home/hamid/Aptana Studio 3 Workspace/rps/vendor/rails/actionpack/lib/action_controller/dispatcher.rb:126:in `dispatch_cgi'
    /home/hamid/Aptana Studio 3 Workspace/rps/vendor/rails/actionpack/lib/action_controller/dispatcher.rb:9:in `dispatch'
    /home/hamid/Aptana Studio 3 Workspace/rps/vendor/rails/railties/lib/webrick_server.rb:112:in `handle_dispatch'
    /home/hamid/Aptana Studio 3 Workspace/rps/vendor/rails/railties/lib/webrick_server.rb:78:in `service'
    /usr/lib/ruby/1.8/webrick/httpserver.rb:104:in `service'
    /usr/lib/ruby/1.8/webrick/httpserver.rb:65:in `run'
    /usr/lib/ruby/1.8/webrick/server.rb:173:in `start_thread'
    /usr/lib/ruby/1.8/webrick/server.rb:162:in `start'
    /usr/lib/ruby/1.8/webrick/server.rb:162:in `start_thread'
    /usr/lib/ruby/1.8/webrick/server.rb:95:in `start'
    /usr/lib/ruby/1.8/webrick/server.rb:92:in `each'
    /usr/lib/ruby/1.8/webrick/server.rb:92:in `start'
    /usr/lib/ruby/1.8/webrick/server.rb:23:in `start'
    /usr/lib/ruby/1.8/webrick/server.rb:82:in `start'
    /home/hamid/Aptana Studio 3 Workspace/rps/vendor/rails/railties/lib/webrick_server.rb:62:in `dispatch'
    /home/hamid/Aptana Studio 3 Workspace/rps/vendor/rails/railties/lib/commands/servers/webrick.rb:66
    /usr/local/lib/site_ruby/1.8/rubygems/custom_require.rb:29:in `gem_original_require'
    /usr/local/lib/site_ruby/1.8/rubygems/custom_require.rb:29:in `require'
    /home/hamid/Aptana Studio 3 Workspace/rps/vendor/rails/activesupport/lib/active_support/dependencies.rb:496:in `require'
    /home/hamid/Aptana Studio 3 Workspace/rps/vendor/rails/activesupport/lib/active_support/dependencies.rb:342:in `new_constants_in'
    /home/hamid/Aptana Studio 3 Workspace/rps/vendor/rails/activesupport/lib/active_support/dependencies.rb:496:in `require'
    /home/hamid/Aptana Studio 3 Workspace/rps/vendor/rails/railties/lib/commands/server.rb:39
    script/server:3:in `require'
    script/server:3
